<?xml version="1.0" encoding="UTF-8"?>
<!-- Generated by org.testng.reporters.JUnitReportReporter -->
<testsuite hostname="LAPTOP-IDFKKK1S" failures="0" tests="2" name="testcases.SaucedemoLogin" time="10.025" errors="0" timestamp="16 Sep 2022 19:30:08 GMT" skipped="0">
  <testcase classname="testcases.SaucedemoLogin" name="Test1" time="5.573"/>
  <testcase classname="testcases.SaucedemoLogin" name="Test2" time="4.452"/>
</testsuite> <!-- testcases.SaucedemoLogin -->
