<?xml version="1.0" encoding="UTF-8"?>
<!-- Generated by org.testng.reporters.JUnitReportReporter -->
<testsuite skipped="0" hostname="LAPTOP-IDFKKK1S" name="testcases.SaucedemoLogin" tests="2" failures="0" timestamp="17 Sep 2022 03:43:58 GMT" time="12.661" errors="0">
  <testcase name="Test2" time="7.881" classname="testcases.SaucedemoLogin"/>
  <testcase name="Test1" time="4.780" classname="testcases.SaucedemoLogin"/>
</testsuite> <!-- testcases.SaucedemoLogin -->
